2024-02-16 20:41:22.117; CloseClient begin
2024-02-16 20:41:22.119;   *** Closing 2 incoming connections ...
2024-02-16 20:41:22.211;   * All incoming connections closed.
2024-02-16 20:41:22.211;   *** Closing 2 outgoing connections ...
2024-02-16 20:41:22.211;   * All outgoing connections closed.
2024-02-16 20:41:23.242;   *** Releasing connection objects ...
2024-02-16 20:41:23.367;   . All connection objects released.
2024-02-16 20:41:23.367; CloseClient end.
2024-02-16 20:41:54.228; CloseClient begin
2024-02-16 20:41:54.229;   *** Closing 2 incoming connections ...
2024-02-16 20:41:54.328;   * All incoming connections closed.
2024-02-16 20:41:54.328;   *** Waiting for 1 requests to become idle ...
2024-02-16 20:41:56.414;   * All requests are now idle.
2024-02-16 20:41:56.414;   *** Closing 2 outgoing connections ...
2024-02-16 20:41:56.422;   * All outgoing connections closed.
2024-02-16 20:41:57.433;   *** Releasing connection objects ...
2024-02-16 20:41:57.559;   . All connection objects released.
2024-02-16 20:41:57.559; CloseClient end.
2024-02-16 20:42:59.019; CloseClient begin
2024-02-16 20:42:59.020;   *** Closing 2 incoming connections ...
2024-02-16 20:42:59.121;   * All incoming connections closed.
2024-02-16 20:42:59.121;   *** Waiting for 1 requests to become idle ...
2024-02-16 20:43:01.732;   * All requests are now idle.
2024-02-16 20:43:01.733;   *** Closing 2 outgoing connections ...
2024-02-16 20:43:01.735;   * All outgoing connections closed.
2024-02-16 20:43:02.762;   *** Releasing connection objects ...
2024-02-16 20:43:02.878;   . All connection objects released.
2024-02-16 20:43:02.879; CloseClient end.
2024-02-16 20:43:19.237; CloseClient begin
2024-02-16 20:43:19.237;   *** Closing 2 incoming connections ...
2024-02-16 20:43:19.337;   * All incoming connections closed.
2024-02-16 20:43:19.337;   *** Waiting for 1 requests to become idle ...
2024-02-16 20:43:20.824;   * All requests are now idle.
2024-02-16 20:43:20.824;   *** Closing 2 outgoing connections ...
2024-02-16 20:43:20.835;   * All outgoing connections closed.
2024-02-16 20:43:21.845;   *** Releasing connection objects ...
2024-02-16 20:43:21.978;   . All connection objects released.
2024-02-16 20:43:21.978; CloseClient end.
